<?xml version="1.0" encoding="UTF-8"?>
<!-- Generated by org.testng.reporters.JUnitXMLReporter -->
<testsuite hostname="pg00k2s3" name="Test" tests="6" failures="0" timestamp="6 Jun 2019 14:15:36 GMT" time="0.031" errors="0">
  <testcase name="Restlogin" time="0.008" classname="TestCases1.Restassure1Test"/>
  <testcase name="Restlogout" time="0.0" classname="TestCases1.Restassure1Test"/>
  <testcase name="Seleniumweblogin" time="0.0" classname="TestCases1.Selenium1Test"/>
  <testcase name="Seleniumweblogout" time="0.0" classname="TestCases1.Selenium1Test"/>
  <testcase name="Appiumweblogin" time="0.001" classname="TestCases1.Appium1Test"/>
  <testcase name="Appiumweblogout" time="0.001" classname="TestCases1.Appium1Test"/>
</testsuite> <!-- Test -->
